nohup: ignoring input
█Getting uuid of QR code.
Downloading QR code.
                                                  ██████████████████████████████████████████████████████████████████████████████
██              ████████              ████  ██      ██      ██              ██
██  ██████████  ██    ██    ████████████        ████  ████████  ██████████  ██
██  ██      ██  ████      ██  ██      ████          ████    ██  ██      ██  ██
██  ██      ██  ████    ██████████████  ████  ██      ████  ██  ██      ██  ██
██  ██      ██  ██████████████                  ██████    ████  ██      ██  ██
██  ██████████  ██  ████████        ████  ██  ██████  ████  ██  ██████████  ██
██              ██  ██  ██  ██  ██  ██  ██  ██  ██  ██  ██  ██              ██
██████████████████  ██      ██  ████    ██████    ████  ██████████████████████
██████████        ██████████████    ██████  ██    ████      ██    ██████  ████
██████    ██  ████  ██  ████  ██    ████        ████████  ██    ██        ████
██    ██    ██  ████████  ██████  ██    ██    ██  ██      ██  ████████  ██████
██      ██    ██  ██  ██      ██████  ██  ██████  ████  ████  ██  ████  ██████
██  ██████████      ██  ██████████████          ██  ████████      ██    ██  ██
██████      ████              ██    ██      ██      ██        ████  ██  ██████
██    ██        ██████████      ████          ██    ████  ██████        ██████
████████  ██████████  ██  ████  ██████  ████        ██  ██████  ██████  ██  ██
████    ██████  ██        ████    ██████    ██  ████████        ████        ██
████████    ████  ██  ██████  ██        ████    ██  ██      ██████  ██  ██████
██  ██████  ██  ██    ██  ██      ██  ████  ████████      ████  ██  ██  ██████
██      ██    ██    ██  ██  ██████  ████████████  ████      ██      ██      ██
██████  ██        ██████    ██  ████████    ██        ██  ██    ██████  ██████
██  ██████  ████████  ████    ██  ████████████  ██  ████  ████████  ██████████
██████████████  ██        ████      ██  ██    ████████        ████████  ██████
██  ██  ██    ██  ██████  ██  ████  ██  ██████    ████  ██  ████  ██    ██████
████    ██  ██  ████        ████        ██  ██    ██      ██        ██      ██
██          ██████  ██    ████  ██  ████      ████  ██      ██  ██    ██  ████
██████      ██  ████  ██    ████        ██  ██      ██    ██  ██        ██████
██████    ██  ████        ████  ██████  ██  ██    ████████████  ██  ██      ██
██    ██  ████  ██      ████      ██  ████      ██  ████            ██    ████
██████████████████  ██  ██          ████          ████  ██  ██████    ████████
██              ██  ████  ██  ██  ████      ████        ██  ██  ██      ██████
██  ██████████  ██          ████            ██      ████    ██████  ██  ██  ██
██  ██      ██  ██  ██  ████  ████████  ████    ██  ██  ██                ████
██  ██      ██  ██████  ██  ██████        ████  ████      ████    ██    ██████
██  ██      ██  ████    ██████  ████    ██      ██████████████    ██  ██  ████
██  ██████████  ████    ████████  ██████        ██  ██    ████████        ████
██              ██████        ██  ██████    ████    ████  ██    ██████      ██
██████████████████████████████████████████████████████████████████████████████
Please scan the QR code to log in.
Please press confirm on your phone.
Loading the contact, this may take a little while.
[3;J[H[2JLogin successfully as Tulin_baby
Traceback (most recent call last):
  File "WeChatRobot V2.0.py", line 360, in <module>
    FixedReply.repot_time(group_free)
  File "/www/wwwroot/vpn.abiuni.com/Download/WechatRobot-master/FixedReply.py", line 101, in repot_time
    group.send('下午好！\nIt\'s 干活time，为您整点报时：\n{}\n----------撸起袖子----------'.format(nowTime))
  File "/home/ubuntu/.local/lib/python3.5/site-packages/wxpy/api/chats/chat.py", line 163, in send
    return self.send_msg(msg=content)
  File "/home/ubuntu/.local/lib/python3.5/site-packages/wxpy/api/chats/chat.py", line 54, in wrapped
    ret = do_send()
  File "/home/ubuntu/.local/lib/python3.5/site-packages/wxpy/utils/misc.py", line 72, in wrapped
    smart_map(check_response_body, ret)
  File "/home/ubuntu/.local/lib/python3.5/site-packages/wxpy/utils/misc.py", line 207, in smart_map
    return func(i, *args, **kwargs)
  File "/home/ubuntu/.local/lib/python3.5/site-packages/wxpy/utils/misc.py", line 53, in check_response_body
    raise ResponseError(err_code=err_code, err_msg=err_msg)
wxpy.exceptions.ResponseError: err_code: 3; err_msg: 
